E, [2017-10-01T09:02:33.093470 #39984] ERROR -- Kitchen: ------Exception-------
E, [2017-10-01T09:02:33.093545 #39984] ERROR -- Kitchen: Class: Kitchen::UserError
E, [2017-10-01T09:02:33.093562 #39984] ERROR -- Kitchen: Message: Kitchen YAML file /root/chef-repo/.chef/.kitchen.yml does not exist.
E, [2017-10-01T09:02:33.093574 #39984] ERROR -- Kitchen: ----------------------
E, [2017-10-01T09:02:33.093583 #39984] ERROR -- Kitchen: ------Backtrace-------
E, [2017-10-01T09:02:33.093592 #39984] ERROR -- Kitchen: /opt/chefdk/embedded/lib/ruby/gems/2.3.0/gems/test-kitchen-1.13.2/lib/kitchen/loader/yaml.rb:74:in `read'
E, [2017-10-01T09:02:33.093601 #39984] ERROR -- Kitchen: /opt/chefdk/embedded/lib/ruby/gems/2.3.0/gems/test-kitchen-1.13.2/lib/kitchen/config.rb:154:in `data'
E, [2017-10-01T09:02:33.093610 #39984] ERROR -- Kitchen: /opt/chefdk/embedded/lib/ruby/gems/2.3.0/gems/test-kitchen-1.13.2/lib/kitchen/config.rb:133:in `suites'
E, [2017-10-01T09:02:33.093619 #39984] ERROR -- Kitchen: /opt/chefdk/embedded/lib/ruby/gems/2.3.0/gems/test-kitchen-1.13.2/lib/kitchen/config.rb:184:in `filter_instances'
E, [2017-10-01T09:02:33.093627 #39984] ERROR -- Kitchen: /opt/chefdk/embedded/lib/ruby/gems/2.3.0/gems/test-kitchen-1.13.2/lib/kitchen/config.rb:143:in `build_instances'
E, [2017-10-01T09:02:33.093636 #39984] ERROR -- Kitchen: /opt/chefdk/embedded/lib/ruby/gems/2.3.0/gems/test-kitchen-1.13.2/lib/kitchen/config.rb:119:in `instances'
E, [2017-10-01T09:02:33.093663 #39984] ERROR -- Kitchen: /opt/chefdk/embedded/lib/ruby/gems/2.3.0/gems/test-kitchen-1.13.2/lib/kitchen/command.rb:115:in `filtered_instances'
E, [2017-10-01T09:02:33.093673 #39984] ERROR -- Kitchen: /opt/chefdk/embedded/lib/ruby/gems/2.3.0/gems/test-kitchen-1.13.2/lib/kitchen/command.rb:145:in `parse_subcommand'
E, [2017-10-01T09:02:33.093681 #39984] ERROR -- Kitchen: /opt/chefdk/embedded/lib/ruby/gems/2.3.0/gems/test-kitchen-1.13.2/lib/kitchen/command/list.rb:32:in `call'
E, [2017-10-01T09:02:33.093690 #39984] ERROR -- Kitchen: /opt/chefdk/embedded/lib/ruby/gems/2.3.0/gems/test-kitchen-1.13.2/lib/kitchen/cli.rb:56:in `perform'
E, [2017-10-01T09:02:33.093699 #39984] ERROR -- Kitchen: /opt/chefdk/embedded/lib/ruby/gems/2.3.0/gems/test-kitchen-1.13.2/lib/kitchen/cli.rb:120:in `list'
E, [2017-10-01T09:02:33.093708 #39984] ERROR -- Kitchen: /opt/chefdk/embedded/lib/ruby/gems/2.3.0/gems/thor-0.19.1/lib/thor/command.rb:27:in `run'
E, [2017-10-01T09:02:33.093716 #39984] ERROR -- Kitchen: /opt/chefdk/embedded/lib/ruby/gems/2.3.0/gems/thor-0.19.1/lib/thor/invocation.rb:126:in `invoke_command'
E, [2017-10-01T09:02:33.093726 #39984] ERROR -- Kitchen: /opt/chefdk/embedded/lib/ruby/gems/2.3.0/gems/test-kitchen-1.13.2/lib/kitchen/cli.rb:334:in `invoke_task'
E, [2017-10-01T09:02:33.093735 #39984] ERROR -- Kitchen: /opt/chefdk/embedded/lib/ruby/gems/2.3.0/gems/thor-0.19.1/lib/thor.rb:359:in `dispatch'
E, [2017-10-01T09:02:33.093743 #39984] ERROR -- Kitchen: /opt/chefdk/embedded/lib/ruby/gems/2.3.0/gems/thor-0.19.1/lib/thor/base.rb:440:in `start'
E, [2017-10-01T09:02:33.093752 #39984] ERROR -- Kitchen: /opt/chefdk/embedded/lib/ruby/gems/2.3.0/gems/test-kitchen-1.13.2/bin/kitchen:13:in `block in <top (required)>'
E, [2017-10-01T09:02:33.093761 #39984] ERROR -- Kitchen: /opt/chefdk/embedded/lib/ruby/gems/2.3.0/gems/test-kitchen-1.13.2/lib/kitchen/errors.rb:174:in `with_friendly_errors'
E, [2017-10-01T09:02:33.093769 #39984] ERROR -- Kitchen: /opt/chefdk/embedded/lib/ruby/gems/2.3.0/gems/test-kitchen-1.13.2/bin/kitchen:13:in `<top (required)>'
E, [2017-10-01T09:02:33.093778 #39984] ERROR -- Kitchen: /opt/chefdk/bin/kitchen:21:in `load'
E, [2017-10-01T09:02:33.093787 #39984] ERROR -- Kitchen: /opt/chefdk/bin/kitchen:21:in `<main>'
E, [2017-10-01T09:02:33.093795 #39984] ERROR -- Kitchen: ----End Backtrace-----
